Using pre-set license
Built from '2020.3/staging' branch; Version is '2020.3.40f1 (ba48d4efcef1) revision 12208340'; Using compiler version '192528614'; Build Type 'Release'
OS: 'Windows 11  (10.0.22621) 64bit Core' Language: 'en' Physical Memory: 15695 MB
BatchMode: 1, IsHumanControllingUs: 0, StartBugReporterOnCrash: 0, Is64bit: 1, IsPro: 0

COMMAND LINE ARGUMENTS:
C:\Program Files\Unity\Hub\Editor\2020.3.40f1\Editor\Unity.exe
-adb2
-batchMode
-noUpm
-name
AssetImportWorker0
-projectPath
C:/Users/wkilp/Desktop/Unity/CS347_Assignment3/CS347_Assignment3
-logFile
Logs/AssetImportWorker0.log
-srvPort
50235
Successfully changed project path to: C:/Users/wkilp/Desktop/Unity/CS347_Assignment3/CS347_Assignment3
C:/Users/wkilp/Desktop/Unity/CS347_Assignment3/CS347_Assignment3
Using Asset Import Pipeline V2.
Refreshing native plugins compatible for Editor in 67.83 ms, found 2 plugins.
Preloading 0 native plugins for Editor in 0.00 ms.
Initialize engine version: 2020.3.40f1 (ba48d4efcef1)
[Subsystems] Discovering subsystems at path C:/Program Files/Unity/Hub/Editor/2020.3.40f1/Editor/Data/Resources/UnitySubsystems
[Subsystems] Discovering subsystems at path C:/Users/wkilp/Desktop/Unity/CS347_Assignment3/CS347_Assignment3/Assets
GfxDevice: creating device client; threaded=0
Direct3D:
    Version:  Direct3D 11.0 [level 11.1]
    Renderer: AMD Radeon(TM) Graphics (ID=0x164c)
    Vendor:   
    VRAM:     7847 MB
    Driver:   30.0.14056.5001
Initialize mono
Mono path[0] = 'C:/Program Files/Unity/Hub/Editor/2020.3.40f1/Editor/Data/Managed'
Mono path[1] = 'C:/Program Files/Unity/Hub/Editor/2020.3.40f1/Editor/Data/MonoBleedingEdge/lib/mono/unityjit'
Mono config path = 'C:/Program Files/Unity/Hub/Editor/2020.3.40f1/Editor/Data/MonoBleedingEdge/etc'
Using monoOptions --debugger-agent=transport=dt_socket,embedding=1,server=y,suspend=n,address=127.0.0.1:56104
Begin MonoManager ReloadAssembly
Registering precompiled unity dll's ...
Register platform support module: C:/Program Files/Unity/Hub/Editor/2020.3.40f1/Editor/Data/PlaybackEngines/WindowsStandaloneSupport/UnityEditor.WindowsStandalone.Extensions.dll
Registered in 0.004246 seconds.
Native extension for WindowsStandalone target not found
Refreshing native plugins compatible for Editor in 69.04 ms, found 2 plugins.
Preloading 0 native plugins for Editor in 0.00 ms.
Mono: successfully reloaded assembly
- Completed reload, in  1.236 seconds
Domain Reload Profiling:
	ReloadAssembly (1236ms)
		BeginReloadAssembly (126ms)
			ExecutionOrderSort (0ms)
			DisableScriptedObjects (0ms)
			BackupInstance (0ms)
			ReleaseScriptingObjects (0ms)
			CreateAndSetChildDomain (1ms)
		EndReloadAssembly (932ms)
			LoadAssemblies (120ms)
			RebuildTransferFunctionScriptingTraits (0ms)
			SetupTypeCache (323ms)
			ReleaseScriptCaches (0ms)
			RebuildScriptCaches (61ms)
			SetupLoadedEditorAssemblies (334ms)
				LogAssemblyErrors (0ms)
				InitializePlatformSupportModulesInManaged (9ms)
				SetLoadedEditorAssemblies (0ms)
				RefreshPlugins (69ms)
				BeforeProcessingInitializeOnLoad (14ms)
				ProcessInitializeOnLoadAttributes (168ms)
				ProcessInitializeOnLoadMethodAttributes (73ms)
				AfterProcessingInitializeOnLoad (0ms)
				EditorAssembliesLoaded (1ms)
			ExecutionOrderSort2 (0ms)
			AwakeInstancesAfterBackupRestoration (0ms)
Platform modules already initialized, skipping
Registering precompiled user dll's ...
Registered in 0.007410 seconds.
Begin MonoManager ReloadAssembly
Native extension for WindowsStandalone target not found
Refreshing native plugins compatible for Editor in 0.86 ms, found 2 plugins.
Preloading 0 native plugins for Editor in 0.00 ms.
Mono: successfully reloaded assembly
- Completed reload, in  2.128 seconds
Domain Reload Profiling:
	ReloadAssembly (2130ms)
		BeginReloadAssembly (285ms)
			ExecutionOrderSort (0ms)
			DisableScriptedObjects (8ms)
			BackupInstance (0ms)
			ReleaseScriptingObjects (0ms)
			CreateAndSetChildDomain (32ms)
		EndReloadAssembly (1697ms)
			LoadAssemblies (198ms)
			RebuildTransferFunctionScriptingTraits (0ms)
			SetupTypeCache (581ms)
			ReleaseScriptCaches (1ms)
			RebuildScriptCaches (108ms)
			SetupLoadedEditorAssemblies (597ms)
				LogAssemblyErrors (0ms)
				InitializePlatformSupportModulesInManaged (10ms)
				SetLoadedEditorAssemblies (1ms)
				RefreshPlugins (1ms)
				BeforeProcessingInitializeOnLoad (125ms)
				ProcessInitializeOnLoadAttributes (397ms)
				ProcessInitializeOnLoadMethodAttributes (41ms)
				AfterProcessingInitializeOnLoad (21ms)
				EditorAssembliesLoaded (0ms)
			ExecutionOrderSort2 (0ms)
			AwakeInstancesAfterBackupRestoration (4ms)
Platform modules already initialized, skipping
========================================================================
Worker process is ready to serve import requests
Launched and connected shader compiler UnityShaderCompiler.exe after 0.11 seconds
Refreshing native plugins compatible for Editor in 0.79 ms, found 2 plugins.
Preloading 0 native plugins for Editor in 0.00 ms.
Unloading 1606 Unused Serialized files (Serialized files now loaded: 0)
System memory in use before: 72.8 MB.
System memory in use after: 72.9 MB.

Unloading 20 unused Assets to reduce memory usage. Loaded Objects now: 2048.
Total: 6.334600 ms (FindLiveObjects: 0.259200 ms CreateObjectMapping: 0.103400 ms MarkObjects: 5.855200 ms  DeleteObjects: 0.114700 ms)

AssetImportParameters requested are different than current active one (requested -> active):
  custom:framework-win-MediaFoundation: 216162199b28c13a410421893ffa2e32 -> 
  custom:video-decoder-ogg-theora: a1e56fd34408186e4bbccfd4996cb3dc -> 
  custom:container-muxer-webm: aa71ff27fc2769a1b78a27578f13a17b -> 
  custom:container-demuxer-webm: 4f35f7cbe854078d1ac9338744f61a02 -> 
  custom:container-demuxer-ogg: 62fdf1f143b41e24485cea50d1cbac27 -> 
  custom:video-encoder-webm-vp8: eb34c28f22e8b96e1ab97ce403110664 -> 
  custom:video-codec-MediaFoundation-h265: 746d11721c4dcdbdad8f713fa42b33f4 -> 
  custom:video-decoder-webm-vp8: 9c59270c3fd7afecdb556c50c9e8de78 -> 
  custom:audio-decoder-ogg-vorbis: bf7c407c2cedff20999df2af8eb42d56 -> 
  custom:audio-encoder-webm-vorbis: bf7c407c2cedff20999df2af8eb42d56 -> 
========================================================================
Received Import Request.
  path: Assets/UAV Trident/Prefab/UAV Trident.prefab
  artifactKey: Guid(32303dc3554fcfc419798a1f0235187f) Importer(815301076,1909f56bfc062723c751e8b465ee728b)
Start importing Assets/UAV Trident/Prefab/UAV Trident.prefab using Guid(32303dc3554fcfc419798a1f0235187f) Importer(815301076,1909f56bfc062723c751e8b465ee728b)  -> (artifact id: '6e653eac63c03fff569783ceb00655bc') in 0.242105 seconds 
========================================================================
Received Import Request.
  Time since last request: 20.204719 seconds.
  path: Assets/UAV Trident/Model/UAV Trident.obj
  artifactKey: Guid(3fbde013fc1ae0a45a2afb111678bdee) Importer(815301076,1909f56bfc062723c751e8b465ee728b)
Start importing Assets/UAV Trident/Model/UAV Trident.obj using Guid(3fbde013fc1ae0a45a2afb111678bdee) Importer(815301076,1909f56bfc062723c751e8b465ee728b)  -> (artifact id: '36e9fc7fcfe370b9787c2aa7993af71c') in 0.113670 seconds 
========================================================================
Received Import Request.
  Time since last request: 42.307769 seconds.
  path: Assets/UAV Trident/Prefab/UAV Trident.prefab
  artifactKey: Guid(32303dc3554fcfc419798a1f0235187f) Importer(815301076,1909f56bfc062723c751e8b465ee728b)
Start importing Assets/UAV Trident/Prefab/UAV Trident.prefab using Guid(32303dc3554fcfc419798a1f0235187f) Importer(815301076,1909f56bfc062723c751e8b465ee728b)  -> (artifact id: '1328b5e2cd2b25624d7fdd3f863e767f') in 0.087056 seconds 
========================================================================
Received Import Request.
  Time since last request: 4.540711 seconds.
  path: Assets/UAV Trident/Prefab/UAV Trident.prefab
  artifactKey: Guid(32303dc3554fcfc419798a1f0235187f) Importer(815301076,1909f56bfc062723c751e8b465ee728b)
Start importing Assets/UAV Trident/Prefab/UAV Trident.prefab using Guid(32303dc3554fcfc419798a1f0235187f) Importer(815301076,1909f56bfc062723c751e8b465ee728b)  -> (artifact id: '156089d95a720d1373a30d170f5e0005') in 0.083982 seconds 
========================================================================
Received Import Request.
  Time since last request: 30.779426 seconds.
  path: Assets/Scenes/_Scene_0.unity
  artifactKey: Guid(9fc0d4010bbf28b4594072e72b8655ab) Importer(815301076,1909f56bfc062723c751e8b465ee728b)
Start importing Assets/Scenes/_Scene_0.unity using Guid(9fc0d4010bbf28b4594072e72b8655ab) Importer(815301076,1909f56bfc062723c751e8b465ee728b)  -> (artifact id: 'da73f58bdb00c9ce0548d832d410b8f1') in 0.007065 seconds 
========================================================================
Received Prepare
Registering precompiled user dll's ...
Registered in 0.008919 seconds.
Begin MonoManager ReloadAssembly
Native extension for WindowsStandalone target not found
Refreshing native plugins compatible for Editor in 0.57 ms, found 2 plugins.
Preloading 0 native plugins for Editor in 0.00 ms.
Mono: successfully reloaded assembly
- Completed reload, in  1.948 seconds
Domain Reload Profiling:
	ReloadAssembly (1949ms)
		BeginReloadAssembly (259ms)
			ExecutionOrderSort (0ms)
			DisableScriptedObjects (14ms)
			BackupInstance (0ms)
			ReleaseScriptingObjects (0ms)
			CreateAndSetChildDomain (81ms)
		EndReloadAssembly (1534ms)
			LoadAssemblies (198ms)
			RebuildTransferFunctionScriptingTraits (0ms)
			SetupTypeCache (504ms)
			ReleaseScriptCaches (2ms)
			RebuildScriptCaches (101ms)
			SetupLoadedEditorAssemblies (566ms)
				LogAssemblyErrors (0ms)
				InitializePlatformSupportModulesInManaged (9ms)
				SetLoadedEditorAssemblies (1ms)
				RefreshPlugins (1ms)
				BeforeProcessingInitializeOnLoad (108ms)
				ProcessInitializeOnLoadAttributes (393ms)
				ProcessInitializeOnLoadMethodAttributes (36ms)
				AfterProcessingInitializeOnLoad (18ms)
				EditorAssembliesLoaded (1ms)
			ExecutionOrderSort2 (0ms)
			AwakeInstancesAfterBackupRestoration (4ms)
Platform modules already initialized, skipping
Refreshing native plugins compatible for Editor in 0.70 ms, found 2 plugins.
Preloading 0 native plugins for Editor in 0.00 ms.
Unloading 1601 Unused Serialized files (Serialized files now loaded: 0)
System memory in use before: 76.1 MB.
System memory in use after: 76.2 MB.

Unloading 11 unused Assets to reduce memory usage. Loaded Objects now: 2062.
Total: 5.370600 ms (FindLiveObjects: 0.244500 ms CreateObjectMapping: 0.091200 ms MarkObjects: 4.995800 ms  DeleteObjects: 0.037100 ms)

AssetImportParameters requested are different than current active one (requested -> active):
  custom:framework-win-MediaFoundation: 216162199b28c13a410421893ffa2e32 -> 
  custom:video-decoder-ogg-theora: a1e56fd34408186e4bbccfd4996cb3dc -> 
  custom:container-muxer-webm: aa71ff27fc2769a1b78a27578f13a17b -> 
  custom:container-demuxer-webm: 4f35f7cbe854078d1ac9338744f61a02 -> 
  custom:container-demuxer-ogg: 62fdf1f143b41e24485cea50d1cbac27 -> 
  custom:video-encoder-webm-vp8: eb34c28f22e8b96e1ab97ce403110664 -> 
  custom:video-codec-MediaFoundation-h265: 746d11721c4dcdbdad8f713fa42b33f4 -> 
  custom:video-decoder-webm-vp8: 9c59270c3fd7afecdb556c50c9e8de78 -> 
  custom:audio-decoder-ogg-vorbis: bf7c407c2cedff20999df2af8eb42d56 -> 
  custom:audio-encoder-webm-vorbis: bf7c407c2cedff20999df2af8eb42d56 -> 
========================================================================
Received Import Request.
  Time since last request: 109.965091 seconds.
  path: Assets/Autarca/AlienShipsPack/Prefabs/AlienFighter.prefab
  artifactKey: Guid(6d18ca3ac0d2ecd4aa99a8099af486bb) Importer(815301076,1909f56bfc062723c751e8b465ee728b)
Start importing Assets/Autarca/AlienShipsPack/Prefabs/AlienFighter.prefab using Guid(6d18ca3ac0d2ecd4aa99a8099af486bb) Importer(815301076,1909f56bfc062723c751e8b465ee728b)  -> (artifact id: 'd9e8c43080c49eeb75748828ec1258a5') in 0.115942 seconds 
========================================================================
Received Prepare
Registering precompiled user dll's ...
Registered in 0.006893 seconds.
Begin MonoManager ReloadAssembly
Native extension for WindowsStandalone target not found
Refreshing native plugins compatible for Editor in 0.58 ms, found 2 plugins.
Preloading 0 native plugins for Editor in 0.00 ms.
Mono: successfully reloaded assembly
- Completed reload, in  1.901 seconds
Domain Reload Profiling:
	ReloadAssembly (1902ms)
		BeginReloadAssembly (203ms)
			ExecutionOrderSort (0ms)
			DisableScriptedObjects (10ms)
			BackupInstance (0ms)
			ReleaseScriptingObjects (0ms)
			CreateAndSetChildDomain (57ms)
		EndReloadAssembly (1559ms)
			LoadAssemblies (177ms)
			RebuildTransferFunctionScriptingTraits (0ms)
			SetupTypeCache (520ms)
			ReleaseScriptCaches (2ms)
			RebuildScriptCaches (106ms)
			SetupLoadedEditorAssemblies (567ms)
				LogAssemblyErrors (0ms)
				InitializePlatformSupportModulesInManaged (9ms)
				SetLoadedEditorAssemblies (1ms)
				RefreshPlugins (1ms)
				BeforeProcessingInitializeOnLoad (127ms)
				ProcessInitializeOnLoadAttributes (376ms)
				ProcessInitializeOnLoadMethodAttributes (33ms)
				AfterProcessingInitializeOnLoad (19ms)
				EditorAssembliesLoaded (1ms)
			ExecutionOrderSort2 (0ms)
			AwakeInstancesAfterBackupRestoration (7ms)
Platform modules already initialized, skipping
Refreshing native plugins compatible for Editor in 0.56 ms, found 2 plugins.
Preloading 0 native plugins for Editor in 0.00 ms.
Unloading 1601 Unused Serialized files (Serialized files now loaded: 0)
System memory in use before: 76.1 MB.
System memory in use after: 76.2 MB.

Unloading 11 unused Assets to reduce memory usage. Loaded Objects now: 2066.
Total: 5.413400 ms (FindLiveObjects: 0.213200 ms CreateObjectMapping: 0.079700 ms MarkObjects: 5.076700 ms  DeleteObjects: 0.042000 ms)

AssetImportParameters requested are different than current active one (requested -> active):
  custom:framework-win-MediaFoundation: 216162199b28c13a410421893ffa2e32 -> 
  custom:video-decoder-ogg-theora: a1e56fd34408186e4bbccfd4996cb3dc -> 
  custom:container-muxer-webm: aa71ff27fc2769a1b78a27578f13a17b -> 
  custom:container-demuxer-webm: 4f35f7cbe854078d1ac9338744f61a02 -> 
  custom:container-demuxer-ogg: 62fdf1f143b41e24485cea50d1cbac27 -> 
  custom:video-encoder-webm-vp8: eb34c28f22e8b96e1ab97ce403110664 -> 
  custom:video-codec-MediaFoundation-h265: 746d11721c4dcdbdad8f713fa42b33f4 -> 
  custom:video-decoder-webm-vp8: 9c59270c3fd7afecdb556c50c9e8de78 -> 
  custom:audio-decoder-ogg-vorbis: bf7c407c2cedff20999df2af8eb42d56 -> 
  custom:audio-encoder-webm-vorbis: bf7c407c2cedff20999df2af8eb42d56 -> 
========================================================================
Received Import Request.
  Time since last request: 761.800636 seconds.
  path: Assets/Crates_0/Crate_0/Prefabs/Crate_0_7.prefab
  artifactKey: Guid(8df5c852523587841a7b1d38ef976abe) Importer(815301076,1909f56bfc062723c751e8b465ee728b)
Start importing Assets/Crates_0/Crate_0/Prefabs/Crate_0_7.prefab using Guid(8df5c852523587841a7b1d38ef976abe) Importer(815301076,1909f56bfc062723c751e8b465ee728b)  -> (artifact id: 'fea83e0d3b884adf4b8c11415c78c1b9') in 0.053109 seconds 
========================================================================
Received Prepare
Registering precompiled user dll's ...
Registered in 0.010060 seconds.
Begin MonoManager ReloadAssembly
Native extension for WindowsStandalone target not found
Refreshing native plugins compatible for Editor in 0.57 ms, found 2 plugins.
Preloading 0 native plugins for Editor in 0.00 ms.
Mono: successfully reloaded assembly
- Completed reload, in  2.026 seconds
Domain Reload Profiling:
	ReloadAssembly (2027ms)
		BeginReloadAssembly (213ms)
			ExecutionOrderSort (0ms)
			DisableScriptedObjects (12ms)
			BackupInstance (0ms)
			ReleaseScriptingObjects (0ms)
			CreateAndSetChildDomain (55ms)
		EndReloadAssembly (1677ms)
			LoadAssemblies (187ms)
			RebuildTransferFunctionScriptingTraits (0ms)
			SetupTypeCache (568ms)
			ReleaseScriptCaches (2ms)
			RebuildScriptCaches (92ms)
			SetupLoadedEditorAssemblies (649ms)
				LogAssemblyErrors (0ms)
				InitializePlatformSupportModulesInManaged (9ms)
				SetLoadedEditorAssemblies (1ms)
				RefreshPlugins (1ms)
				BeforeProcessingInitializeOnLoad (111ms)
				ProcessInitializeOnLoadAttributes (467ms)
				ProcessInitializeOnLoadMethodAttributes (40ms)
				AfterProcessingInitializeOnLoad (20ms)
				EditorAssembliesLoaded (0ms)
			ExecutionOrderSort2 (0ms)
			AwakeInstancesAfterBackupRestoration (5ms)
Platform modules already initialized, skipping
Refreshing native plugins compatible for Editor in 0.65 ms, found 2 plugins.
Preloading 0 native plugins for Editor in 0.00 ms.
Unloading 1601 Unused Serialized files (Serialized files now loaded: 0)
System memory in use before: 76.2 MB.
System memory in use after: 76.3 MB.

Unloading 11 unused Assets to reduce memory usage. Loaded Objects now: 2069.
Total: 5.118000 ms (FindLiveObjects: 0.285500 ms CreateObjectMapping: 0.084000 ms MarkObjects: 4.706200 ms  DeleteObjects: 0.040000 ms)

AssetImportParameters requested are different than current active one (requested -> active):
  custom:framework-win-MediaFoundation: 216162199b28c13a410421893ffa2e32 -> 
  custom:video-decoder-ogg-theora: a1e56fd34408186e4bbccfd4996cb3dc -> 
  custom:container-muxer-webm: aa71ff27fc2769a1b78a27578f13a17b -> 
  custom:container-demuxer-webm: 4f35f7cbe854078d1ac9338744f61a02 -> 
  custom:container-demuxer-ogg: 62fdf1f143b41e24485cea50d1cbac27 -> 
  custom:video-encoder-webm-vp8: eb34c28f22e8b96e1ab97ce403110664 -> 
  custom:video-codec-MediaFoundation-h265: 746d11721c4dcdbdad8f713fa42b33f4 -> 
  custom:video-decoder-webm-vp8: 9c59270c3fd7afecdb556c50c9e8de78 -> 
  custom:audio-decoder-ogg-vorbis: bf7c407c2cedff20999df2af8eb42d56 -> 
  custom:audio-encoder-webm-vorbis: bf7c407c2cedff20999df2af8eb42d56 -> 
========================================================================
Received Prepare
Registering precompiled user dll's ...
Registered in 0.006938 seconds.
Begin MonoManager ReloadAssembly
Native extension for WindowsStandalone target not found
Refreshing native plugins compatible for Editor in 0.60 ms, found 2 plugins.
Preloading 0 native plugins for Editor in 0.00 ms.
Mono: successfully reloaded assembly
- Completed reload, in  1.882 seconds
Domain Reload Profiling:
	ReloadAssembly (1882ms)
		BeginReloadAssembly (217ms)
			ExecutionOrderSort (0ms)
			DisableScriptedObjects (14ms)
			BackupInstance (0ms)
			ReleaseScriptingObjects (0ms)
			CreateAndSetChildDomain (57ms)
		EndReloadAssembly (1495ms)
			LoadAssemblies (191ms)
			RebuildTransferFunctionScriptingTraits (0ms)
			SetupTypeCache (523ms)
			ReleaseScriptCaches (2ms)
			RebuildScriptCaches (86ms)
			SetupLoadedEditorAssemblies (532ms)
				LogAssemblyErrors (0ms)
				InitializePlatformSupportModulesInManaged (8ms)
				SetLoadedEditorAssemblies (1ms)
				RefreshPlugins (1ms)
				BeforeProcessingInitializeOnLoad (115ms)
				ProcessInitializeOnLoadAttributes (361ms)
				ProcessInitializeOnLoadMethodAttributes (31ms)
				AfterProcessingInitializeOnLoad (15ms)
				EditorAssembliesLoaded (0ms)
			ExecutionOrderSort2 (0ms)
			AwakeInstancesAfterBackupRestoration (4ms)
Platform modules already initialized, skipping
Refreshing native plugins compatible for Editor in 0.61 ms, found 2 plugins.
Preloading 0 native plugins for Editor in 0.00 ms.
Unloading 1606 Unused Serialized files (Serialized files now loaded: 0)
System memory in use before: 76.3 MB.
System memory in use after: 76.4 MB.

Unloading 11 unused Assets to reduce memory usage. Loaded Objects now: 2077.
Total: 5.718200 ms (FindLiveObjects: 0.266500 ms CreateObjectMapping: 0.092500 ms MarkObjects: 5.318800 ms  DeleteObjects: 0.038300 ms)

AssetImportParameters requested are different than current active one (requested -> active):
  custom:framework-win-MediaFoundation: 216162199b28c13a410421893ffa2e32 -> 
  custom:video-decoder-ogg-theora: a1e56fd34408186e4bbccfd4996cb3dc -> 
  custom:container-muxer-webm: aa71ff27fc2769a1b78a27578f13a17b -> 
  custom:container-demuxer-webm: 4f35f7cbe854078d1ac9338744f61a02 -> 
  custom:container-demuxer-ogg: 62fdf1f143b41e24485cea50d1cbac27 -> 
  custom:video-encoder-webm-vp8: eb34c28f22e8b96e1ab97ce403110664 -> 
  custom:video-codec-MediaFoundation-h265: 746d11721c4dcdbdad8f713fa42b33f4 -> 
  custom:video-decoder-webm-vp8: 9c59270c3fd7afecdb556c50c9e8de78 -> 
  custom:audio-decoder-ogg-vorbis: bf7c407c2cedff20999df2af8eb42d56 -> 
  custom:audio-encoder-webm-vorbis: bf7c407c2cedff20999df2af8eb42d56 -> 
========================================================================
Received Import Request.
  Time since last request: 198.632834 seconds.
  path: Assets/Crates_0
  artifactKey: Guid(152590fd36439904d9fb0d9a8a1a0472) Importer(815301076,1909f56bfc062723c751e8b465ee728b)
Start importing Assets/Crates_0 using Guid(152590fd36439904d9fb0d9a8a1a0472) Importer(815301076,1909f56bfc062723c751e8b465ee728b)  -> (artifact id: 'fa2d133b1e221c1bb7182cbacfd3384f') in 0.010477 seconds 
========================================================================
Received Import Request.
  Time since last request: 1.652099 seconds.
  path: Assets/Crates_0/Crate_0
  artifactKey: Guid(1f1ad7005db8a514ea115e3640b86c01) Importer(815301076,1909f56bfc062723c751e8b465ee728b)
Start importing Assets/Crates_0/Crate_0 using Guid(1f1ad7005db8a514ea115e3640b86c01) Importer(815301076,1909f56bfc062723c751e8b465ee728b)  -> (artifact id: '85ee114f812edd9eab0af3abdd341064') in 0.011847 seconds 
========================================================================
Received Import Request.
  Time since last request: 1.920071 seconds.
  path: Assets/Crates_0/Crate_0/Prefabs
  artifactKey: Guid(08af89f9d9b403d45b8c48644d5f2ee4) Importer(815301076,1909f56bfc062723c751e8b465ee728b)
Start importing Assets/Crates_0/Crate_0/Prefabs using Guid(08af89f9d9b403d45b8c48644d5f2ee4) Importer(815301076,1909f56bfc062723c751e8b465ee728b)  -> (artifact id: '45f24675888bc6253897834628deae59') in 0.009953 seconds 
========================================================================
Received Prepare
Registering precompiled user dll's ...
Registered in 0.007464 seconds.
Begin MonoManager ReloadAssembly
Native extension for WindowsStandalone target not found
Refreshing native plugins compatible for Editor in 0.60 ms, found 2 plugins.
Preloading 0 native plugins for Editor in 0.00 ms.
Mono: successfully reloaded assembly
- Completed reload, in  1.903 seconds
Domain Reload Profiling:
	ReloadAssembly (1904ms)
		BeginReloadAssembly (199ms)
			ExecutionOrderSort (0ms)
			DisableScriptedObjects (11ms)
			BackupInstance (0ms)
			ReleaseScriptingObjects (0ms)
			CreateAndSetChildDomain (53ms)
		EndReloadAssembly (1565ms)
			LoadAssemblies (172ms)
			RebuildTransferFunctionScriptingTraits (0ms)
			SetupTypeCache (567ms)
			ReleaseScriptCaches (2ms)
			RebuildScriptCaches (89ms)
			SetupLoadedEditorAssemblies (553ms)
				LogAssemblyErrors (0ms)
				InitializePlatformSupportModulesInManaged (8ms)
				SetLoadedEditorAssemblies (1ms)
				RefreshPlugins (1ms)
				BeforeProcessingInitializeOnLoad (106ms)
				ProcessInitializeOnLoadAttributes (390ms)
				ProcessInitializeOnLoadMethodAttributes (30ms)
				AfterProcessingInitializeOnLoad (16ms)
				EditorAssembliesLoaded (0ms)
			ExecutionOrderSort2 (0ms)
			AwakeInstancesAfterBackupRestoration (4ms)
Platform modules already initialized, skipping
Refreshing native plugins compatible for Editor in 0.59 ms, found 2 plugins.
Preloading 0 native plugins for Editor in 0.00 ms.
Unloading 1606 Unused Serialized files (Serialized files now loaded: 0)
System memory in use before: 76.3 MB.
System memory in use after: 76.4 MB.

Unloading 11 unused Assets to reduce memory usage. Loaded Objects now: 2080.
Total: 6.182000 ms (FindLiveObjects: 0.225000 ms CreateObjectMapping: 0.074700 ms MarkObjects: 5.841600 ms  DeleteObjects: 0.038200 ms)

AssetImportParameters requested are different than current active one (requested -> active):
  custom:framework-win-MediaFoundation: 216162199b28c13a410421893ffa2e32 -> 
  custom:video-decoder-ogg-theora: a1e56fd34408186e4bbccfd4996cb3dc -> 
  custom:container-muxer-webm: aa71ff27fc2769a1b78a27578f13a17b -> 
  custom:container-demuxer-webm: 4f35f7cbe854078d1ac9338744f61a02 -> 
  custom:container-demuxer-ogg: 62fdf1f143b41e24485cea50d1cbac27 -> 
  custom:video-encoder-webm-vp8: eb34c28f22e8b96e1ab97ce403110664 -> 
  custom:video-codec-MediaFoundation-h265: 746d11721c4dcdbdad8f713fa42b33f4 -> 
  custom:video-decoder-webm-vp8: 9c59270c3fd7afecdb556c50c9e8de78 -> 
  custom:audio-decoder-ogg-vorbis: bf7c407c2cedff20999df2af8eb42d56 -> 
  custom:audio-encoder-webm-vorbis: bf7c407c2cedff20999df2af8eb42d56 -> 
========================================================================
Received Import Request.
  Time since last request: 125.769775 seconds.
  path: Assets/Crates_0/Crate_0/Prefabs/BaseBarrier.prefab
  artifactKey: Guid(8df5c852523587841a7b1d38ef976abe) Importer(815301076,1909f56bfc062723c751e8b465ee728b)
Start importing Assets/Crates_0/Crate_0/Prefabs/BaseBarrier.prefab using Guid(8df5c852523587841a7b1d38ef976abe) Importer(815301076,1909f56bfc062723c751e8b465ee728b)  -> (artifact id: '5e25ffb5fbb22c77d0dd5eab95979d78') in 0.186838 seconds 
========================================================================
Received Import Request.
  Time since last request: 9.370131 seconds.
  path: Assets/Autarca/AlienShipsPack/Prefabs/Alien1.prefab
  artifactKey: Guid(8e35ec7e332c3d243ac23e3686bafe01) Importer(815301076,1909f56bfc062723c751e8b465ee728b)
Start importing Assets/Autarca/AlienShipsPack/Prefabs/Alien1.prefab using Guid(8e35ec7e332c3d243ac23e3686bafe01) Importer(815301076,1909f56bfc062723c751e8b465ee728b)  -> (artifact id: '08cd2aaed9e7defa14e0fe55b20a6f9c') in 0.142502 seconds 
========================================================================
Received Import Request.
  Time since last request: 5.246079 seconds.
  path: Assets/Autarca/AlienShipsPack/Prefabs/Alien2.prefab
  artifactKey: Guid(6d18ca3ac0d2ecd4aa99a8099af486bb) Importer(815301076,1909f56bfc062723c751e8b465ee728b)
Start importing Assets/Autarca/AlienShipsPack/Prefabs/Alien2.prefab using Guid(6d18ca3ac0d2ecd4aa99a8099af486bb) Importer(815301076,1909f56bfc062723c751e8b465ee728b)  -> (artifact id: '81d1e8387efc98c26232eadf051b0370') in 0.052838 seconds 
========================================================================
Received Import Request.
  Time since last request: 6.807707 seconds.
  path: Assets/Autarca/AlienShipsPack/Prefabs/AlienBomb.prefab
  artifactKey: Guid(79eac1308df01c1459d5833c9cb6055c) Importer(815301076,1909f56bfc062723c751e8b465ee728b)
Start importing Assets/Autarca/AlienShipsPack/Prefabs/AlienBomb.prefab using Guid(79eac1308df01c1459d5833c9cb6055c) Importer(815301076,1909f56bfc062723c751e8b465ee728b)  -> (artifact id: 'baa6f56d877d75a775a5e4872ce993c5') in 0.053780 seconds 
========================================================================
Received Import Request.
  Time since last request: 11.401522 seconds.
  path: Assets/UAV Trident/Prefab/PlayerShip.prefab
  artifactKey: Guid(32303dc3554fcfc419798a1f0235187f) Importer(815301076,1909f56bfc062723c751e8b465ee728b)
Start importing Assets/UAV Trident/Prefab/PlayerShip.prefab using Guid(32303dc3554fcfc419798a1f0235187f) Importer(815301076,1909f56bfc062723c751e8b465ee728b)  -> (artifact id: '064928364529e32fddda4ac91e95cc8f') in 0.070205 seconds 
========================================================================
Received Import Request.
  Time since last request: 56.182853 seconds.
  path: Assets/Crates_0/Crate_0/Prefabs/BaseBarrier.prefab
  artifactKey: Guid(8df5c852523587841a7b1d38ef976abe) Importer(815301076,1909f56bfc062723c751e8b465ee728b)
Start importing Assets/Crates_0/Crate_0/Prefabs/BaseBarrier.prefab using Guid(8df5c852523587841a7b1d38ef976abe) Importer(815301076,1909f56bfc062723c751e8b465ee728b)  -> (artifact id: '85d74fc1339af376bb7f593c79752698') in 0.081958 seconds 
========================================================================
Received Import Request.
  Time since last request: 0.962813 seconds.
  path: Assets/Crates_0/Crate_0/Prefabs/BaseBarrier.prefab
  artifactKey: Guid(8df5c852523587841a7b1d38ef976abe) Importer(815301076,1909f56bfc062723c751e8b465ee728b)
Start importing Assets/Crates_0/Crate_0/Prefabs/BaseBarrier.prefab using Guid(8df5c852523587841a7b1d38ef976abe) Importer(815301076,1909f56bfc062723c751e8b465ee728b)  -> (artifact id: 'fcb60807a19a27943a5b0026296a24f4') in 0.091789 seconds 
========================================================================
Received Prepare
Registering precompiled user dll's ...
Registered in 0.007029 seconds.
Begin MonoManager ReloadAssembly
Native extension for WindowsStandalone target not found
Refreshing native plugins compatible for Editor in 0.60 ms, found 2 plugins.
Preloading 0 native plugins for Editor in 0.00 ms.
Mono: successfully reloaded assembly
- Completed reload, in  1.871 seconds
Domain Reload Profiling:
	ReloadAssembly (1872ms)
		BeginReloadAssembly (219ms)
			ExecutionOrderSort (0ms)
			DisableScriptedObjects (12ms)
			BackupInstance (0ms)
			ReleaseScriptingObjects (0ms)
			CreateAndSetChildDomain (57ms)
		EndReloadAssembly (1513ms)
			LoadAssemblies (184ms)
			RebuildTransferFunctionScriptingTraits (0ms)
			SetupTypeCache (494ms)
			ReleaseScriptCaches (2ms)
			RebuildScriptCaches (92ms)
			SetupLoadedEditorAssemblies (581ms)
				LogAssemblyErrors (0ms)
				InitializePlatformSupportModulesInManaged (8ms)
				SetLoadedEditorAssemblies (1ms)
				RefreshPlugins (1ms)
				BeforeProcessingInitializeOnLoad (129ms)
				ProcessInitializeOnLoadAttributes (393ms)
				ProcessInitializeOnLoadMethodAttributes (32ms)
				AfterProcessingInitializeOnLoad (17ms)
				EditorAssembliesLoaded (1ms)
			ExecutionOrderSort2 (0ms)
			AwakeInstancesAfterBackupRestoration (5ms)
Platform modules already initialized, skipping
Refreshing native plugins compatible for Editor in 0.59 ms, found 2 plugins.
Preloading 0 native plugins for Editor in 0.00 ms.
Unloading 1606 Unused Serialized files (Serialized files now loaded: 0)
System memory in use before: 76.7 MB.
System memory in use after: 76.8 MB.

Unloading 11 unused Assets to reduce memory usage. Loaded Objects now: 2085.
Total: 5.132200 ms (FindLiveObjects: 0.230800 ms CreateObjectMapping: 0.082200 ms MarkObjects: 4.774000 ms  DeleteObjects: 0.042400 ms)

AssetImportParameters requested are different than current active one (requested -> active):
  custom:framework-win-MediaFoundation: 216162199b28c13a410421893ffa2e32 -> 
  custom:video-decoder-ogg-theora: a1e56fd34408186e4bbccfd4996cb3dc -> 
  custom:container-muxer-webm: aa71ff27fc2769a1b78a27578f13a17b -> 
  custom:container-demuxer-webm: 4f35f7cbe854078d1ac9338744f61a02 -> 
  custom:container-demuxer-ogg: 62fdf1f143b41e24485cea50d1cbac27 -> 
  custom:video-encoder-webm-vp8: eb34c28f22e8b96e1ab97ce403110664 -> 
  custom:video-codec-MediaFoundation-h265: 746d11721c4dcdbdad8f713fa42b33f4 -> 
  custom:video-decoder-webm-vp8: 9c59270c3fd7afecdb556c50c9e8de78 -> 
  custom:audio-decoder-ogg-vorbis: bf7c407c2cedff20999df2af8eb42d56 -> 
  custom:audio-encoder-webm-vorbis: bf7c407c2cedff20999df2af8eb42d56 -> 
========================================================================
Received Import Request.
  Time since last request: 29.280306 seconds.
  path: Assets/Crates_0/Crate_0/Prefabs/BaseBarrier.prefab
  artifactKey: Guid(8df5c852523587841a7b1d38ef976abe) Importer(815301076,1909f56bfc062723c751e8b465ee728b)
Start importing Assets/Crates_0/Crate_0/Prefabs/BaseBarrier.prefab using Guid(8df5c852523587841a7b1d38ef976abe) Importer(815301076,1909f56bfc062723c751e8b465ee728b)  -> (artifact id: '731094067d9691f0d0fe3794a02f44a7') in 0.138109 seconds 
========================================================================
Received Prepare
Registering precompiled user dll's ...
Registered in 0.008928 seconds.
Begin MonoManager ReloadAssembly
Native extension for WindowsStandalone target not found
Refreshing native plugins compatible for Editor in 0.60 ms, found 2 plugins.
Preloading 0 native plugins for Editor in 0.00 ms.
Mono: successfully reloaded assembly
- Completed reload, in  1.827 seconds
Domain Reload Profiling:
	ReloadAssembly (1828ms)
		BeginReloadAssembly (205ms)
			ExecutionOrderSort (0ms)
			DisableScriptedObjects (10ms)
			BackupInstance (0ms)
			ReleaseScriptingObjects (0ms)
			CreateAndSetChildDomain (54ms)
		EndReloadAssembly (1485ms)
			LoadAssemblies (181ms)
			RebuildTransferFunctionScriptingTraits (0ms)
			SetupTypeCache (525ms)
			ReleaseScriptCaches (2ms)
			RebuildScriptCaches (85ms)
			SetupLoadedEditorAssemblies (519ms)
				LogAssemblyErrors (0ms)
				InitializePlatformSupportModulesInManaged (9ms)
				SetLoadedEditorAssemblies (1ms)
				RefreshPlugins (1ms)
				BeforeProcessingInitializeOnLoad (107ms)
				ProcessInitializeOnLoadAttributes (357ms)
				ProcessInitializeOnLoadMethodAttributes (28ms)
				AfterProcessingInitializeOnLoad (15ms)
				EditorAssembliesLoaded (0ms)
			ExecutionOrderSort2 (0ms)
			AwakeInstancesAfterBackupRestoration (4ms)
Platform modules already initialized, skipping
Refreshing native plugins compatible for Editor in 0.59 ms, found 2 plugins.
Preloading 0 native plugins for Editor in 0.00 ms.
Unloading 1606 Unused Serialized files (Serialized files now loaded: 0)
System memory in use before: 76.7 MB.
System memory in use after: 76.8 MB.

Unloading 11 unused Assets to reduce memory usage. Loaded Objects now: 2089.
Total: 5.073400 ms (FindLiveObjects: 0.271600 ms CreateObjectMapping: 0.096000 ms MarkObjects: 4.664400 ms  DeleteObjects: 0.038700 ms)

AssetImportParameters requested are different than current active one (requested -> active):
  custom:framework-win-MediaFoundation: 216162199b28c13a410421893ffa2e32 -> 
  custom:video-decoder-ogg-theora: a1e56fd34408186e4bbccfd4996cb3dc -> 
  custom:container-muxer-webm: aa71ff27fc2769a1b78a27578f13a17b -> 
  custom:container-demuxer-webm: 4f35f7cbe854078d1ac9338744f61a02 -> 
  custom:container-demuxer-ogg: 62fdf1f143b41e24485cea50d1cbac27 -> 
  custom:video-encoder-webm-vp8: eb34c28f22e8b96e1ab97ce403110664 -> 
  custom:video-codec-MediaFoundation-h265: 746d11721c4dcdbdad8f713fa42b33f4 -> 
  custom:video-decoder-webm-vp8: 9c59270c3fd7afecdb556c50c9e8de78 -> 
  custom:audio-decoder-ogg-vorbis: bf7c407c2cedff20999df2af8eb42d56 -> 
  custom:audio-encoder-webm-vorbis: bf7c407c2cedff20999df2af8eb42d56 -> 
========================================================================
Received Import Request.
  Time since last request: 123.215447 seconds.
  path: Assets/Crates_0/Crate_0/Prefabs/BaseBarrier.prefab
  artifactKey: Guid(8df5c852523587841a7b1d38ef976abe) Importer(815301076,1909f56bfc062723c751e8b465ee728b)
Start importing Assets/Crates_0/Crate_0/Prefabs/BaseBarrier.prefab using Guid(8df5c852523587841a7b1d38ef976abe) Importer(815301076,1909f56bfc062723c751e8b465ee728b)  -> (artifact id: 'd8a7d37da962bd624235bd7720a84e45') in 0.133408 seconds 
========================================================================
Received Import Request.
  Time since last request: 7.808429 seconds.
  path: Assets/Crates_0/Scene/SkyBox.mat
  artifactKey: Guid(89e39505400aba64ea2744c5b0dc64ee) Importer(815301076,1909f56bfc062723c751e8b465ee728b)
Start importing Assets/Crates_0/Scene/SkyBox.mat using Guid(89e39505400aba64ea2744c5b0dc64ee) Importer(815301076,1909f56bfc062723c751e8b465ee728b)  -> (artifact id: '41fc3eaa87ca6a19cf666efd3845403d') in 0.249712 seconds 
========================================================================
Received Prepare
Registering precompiled user dll's ...
Registered in 0.006240 seconds.
Begin MonoManager ReloadAssembly
Native extension for WindowsStandalone target not found
Refreshing native plugins compatible for Editor in 0.65 ms, found 2 plugins.
Preloading 0 native plugins for Editor in 0.00 ms.
Mono: successfully reloaded assembly
- Completed reload, in  1.890 seconds
Domain Reload Profiling:
	ReloadAssembly (1891ms)
		BeginReloadAssembly (223ms)
			ExecutionOrderSort (0ms)
			DisableScriptedObjects (11ms)
			BackupInstance (0ms)
			ReleaseScriptingObjects (0ms)
			CreateAndSetChildDomain (58ms)
		EndReloadAssembly (1500ms)
			LoadAssemblies (190ms)
			RebuildTransferFunctionScriptingTraits (0ms)
			SetupTypeCache (511ms)
			ReleaseScriptCaches (2ms)
			RebuildScriptCaches (84ms)
			SetupLoadedEditorAssemblies (542ms)
				LogAssemblyErrors (0ms)
				InitializePlatformSupportModulesInManaged (9ms)
				SetLoadedEditorAssemblies (1ms)
				RefreshPlugins (1ms)
				BeforeProcessingInitializeOnLoad (113ms)
				ProcessInitializeOnLoadAttributes (365ms)
				ProcessInitializeOnLoadMethodAttributes (34ms)
				AfterProcessingInitializeOnLoad (18ms)
				EditorAssembliesLoaded (1ms)
			ExecutionOrderSort2 (0ms)
			AwakeInstancesAfterBackupRestoration (5ms)
Platform modules already initialized, skipping
Refreshing native plugins compatible for Editor in 0.58 ms, found 2 plugins.
Preloading 0 native plugins for Editor in 0.00 ms.
Unloading 1606 Unused Serialized files (Serialized files now loaded: 0)
System memory in use before: 76.9 MB.
System memory in use after: 77.0 MB.

Unloading 11 unused Assets to reduce memory usage. Loaded Objects now: 2126.
Total: 6.195700 ms (FindLiveObjects: 0.247800 ms CreateObjectMapping: 0.097900 ms MarkObjects: 5.805000 ms  DeleteObjects: 0.042900 ms)

AssetImportParameters requested are different than current active one (requested -> active):
  custom:framework-win-MediaFoundation: 216162199b28c13a410421893ffa2e32 -> 
  custom:video-decoder-ogg-theora: a1e56fd34408186e4bbccfd4996cb3dc -> 
  custom:container-muxer-webm: aa71ff27fc2769a1b78a27578f13a17b -> 
  custom:container-demuxer-webm: 4f35f7cbe854078d1ac9338744f61a02 -> 
  custom:container-demuxer-ogg: 62fdf1f143b41e24485cea50d1cbac27 -> 
  custom:video-encoder-webm-vp8: eb34c28f22e8b96e1ab97ce403110664 -> 
  custom:video-codec-MediaFoundation-h265: 746d11721c4dcdbdad8f713fa42b33f4 -> 
  custom:video-decoder-webm-vp8: 9c59270c3fd7afecdb556c50c9e8de78 -> 
  custom:audio-decoder-ogg-vorbis: bf7c407c2cedff20999df2af8eb42d56 -> 
  custom:audio-encoder-webm-vorbis: bf7c407c2cedff20999df2af8eb42d56 -> 
========================================================================
Received Import Request.
  Time since last request: 71.231001 seconds.
  path: ProjectSettings/TagManager.asset
  artifactKey: Guid(00000000000000003000000000000000) Importer(815301076,1909f56bfc062723c751e8b465ee728b)
Start importing ProjectSettings/TagManager.asset using Guid(00000000000000003000000000000000) Importer(815301076,1909f56bfc062723c751e8b465ee728b)  -> (artifact id: '92df303f7ab979230eaab53908b39b2c') in 0.039325 seconds 
========================================================================
Received Import Request.
  Time since last request: 132.228952 seconds.
  path: ProjectSettings/TagManager.asset
  artifactKey: Guid(00000000000000003000000000000000) Importer(815301076,1909f56bfc062723c751e8b465ee728b)
Start importing ProjectSettings/TagManager.asset using Guid(00000000000000003000000000000000) Importer(815301076,1909f56bfc062723c751e8b465ee728b)  -> (artifact id: '0ae79a10721fc4182fe202f884c22169') in 0.008586 seconds 
========================================================================
Received Import Request.
  Time since last request: 25.331658 seconds.
  path: Assets/Autarca/AlienShipsPack/Prefabs/Alien1.prefab
  artifactKey: Guid(8e35ec7e332c3d243ac23e3686bafe01) Importer(815301076,1909f56bfc062723c751e8b465ee728b)
Start importing Assets/Autarca/AlienShipsPack/Prefabs/Alien1.prefab using Guid(8e35ec7e332c3d243ac23e3686bafe01) Importer(815301076,1909f56bfc062723c751e8b465ee728b)  -> (artifact id: 'e9a1322a223a31f8d4240eac2f3c9561') in 0.231932 seconds 
========================================================================
Received Import Request.
  Time since last request: 3.125430 seconds.
  path: Assets/Autarca/AlienShipsPack/Prefabs/Alien2.prefab
  artifactKey: Guid(6d18ca3ac0d2ecd4aa99a8099af486bb) Importer(815301076,1909f56bfc062723c751e8b465ee728b)
Start importing Assets/Autarca/AlienShipsPack/Prefabs/Alien2.prefab using Guid(6d18ca3ac0d2ecd4aa99a8099af486bb) Importer(815301076,1909f56bfc062723c751e8b465ee728b)  -> (artifact id: 'a0ee7e1b495c71a3e467810f9079563f') in 0.059774 seconds 
========================================================================
Received Import Request.
  Time since last request: 3.062413 seconds.
  path: Assets/Autarca/AlienShipsPack/Prefabs/AlienBomb.prefab
  artifactKey: Guid(79eac1308df01c1459d5833c9cb6055c) Importer(815301076,1909f56bfc062723c751e8b465ee728b)
Start importing Assets/Autarca/AlienShipsPack/Prefabs/AlienBomb.prefab using Guid(79eac1308df01c1459d5833c9cb6055c) Importer(815301076,1909f56bfc062723c751e8b465ee728b)  -> (artifact id: '72cdbf1ee111360a323efcd9d1df5476') in 0.052785 seconds 
========================================================================
Received Import Request.
  Time since last request: 9.185315 seconds.
  path: Assets/Crates_0/Crate_0/Prefabs/BaseBarrier.prefab
  artifactKey: Guid(8df5c852523587841a7b1d38ef976abe) Importer(815301076,1909f56bfc062723c751e8b465ee728b)
Start importing Assets/Crates_0/Crate_0/Prefabs/BaseBarrier.prefab using Guid(8df5c852523587841a7b1d38ef976abe) Importer(815301076,1909f56bfc062723c751e8b465ee728b)  -> (artifact id: 'a70e38289adc273c81ccdbe70919a0f9') in 0.096510 seconds 
========================================================================
Received Import Request.
  Time since last request: 5.219279 seconds.
  path: Assets/Crates_0/Crate_0/Prefabs/BaseBarrier.prefab
  artifactKey: Guid(8df5c852523587841a7b1d38ef976abe) Importer(815301076,1909f56bfc062723c751e8b465ee728b)
Start importing Assets/Crates_0/Crate_0/Prefabs/BaseBarrier.prefab using Guid(8df5c852523587841a7b1d38ef976abe) Importer(815301076,1909f56bfc062723c751e8b465ee728b)  -> (artifact id: 'aff6df7c7a9bedb7e99f873373c99ab3') in 0.083725 seconds 
========================================================================
Received Import Request.
  Time since last request: 10.760893 seconds.
  path: Assets/UAV Trident/Prefab/PlayerShip.prefab
  artifactKey: Guid(32303dc3554fcfc419798a1f0235187f) Importer(815301076,1909f56bfc062723c751e8b465ee728b)
Start importing Assets/UAV Trident/Prefab/PlayerShip.prefab using Guid(32303dc3554fcfc419798a1f0235187f) Importer(815301076,1909f56bfc062723c751e8b465ee728b)  -> (artifact id: '1d64fbb13d803dc79ce12df2603595d3') in 0.070708 seconds 
========================================================================
Received Import Request.
  Time since last request: 41.169190 seconds.
  path: Assets/Crates_0/Crate_0/Prefabs/BaseBarrier.prefab
  artifactKey: Guid(8df5c852523587841a7b1d38ef976abe) Importer(815301076,1909f56bfc062723c751e8b465ee728b)
Start importing Assets/Crates_0/Crate_0/Prefabs/BaseBarrier.prefab using Guid(8df5c852523587841a7b1d38ef976abe) Importer(815301076,1909f56bfc062723c751e8b465ee728b)  -> (artifact id: '91dbfc8ac8204c84ff6e523b7eeb99c9') in 0.081806 seconds 
========================================================================
Received Import Request.
  Time since last request: 1.344222 seconds.
  path: Assets/Crates_0/Crate_0/Prefabs/BaseBarrier.prefab
  artifactKey: Guid(8df5c852523587841a7b1d38ef976abe) Importer(815301076,1909f56bfc062723c751e8b465ee728b)
Start importing Assets/Crates_0/Crate_0/Prefabs/BaseBarrier.prefab using Guid(8df5c852523587841a7b1d38ef976abe) Importer(815301076,1909f56bfc062723c751e8b465ee728b)  -> (artifact id: '984e614cf470eaceb7f16cb8a18f2aec') in 0.087610 seconds 
========================================================================
Received Import Request.
  Time since last request: 1.038933 seconds.
  path: Assets/Crates_0/Crate_0/Prefabs/BaseBarrier.prefab
  artifactKey: Guid(8df5c852523587841a7b1d38ef976abe) Importer(815301076,1909f56bfc062723c751e8b465ee728b)
Start importing Assets/Crates_0/Crate_0/Prefabs/BaseBarrier.prefab using Guid(8df5c852523587841a7b1d38ef976abe) Importer(815301076,1909f56bfc062723c751e8b465ee728b)  -> (artifact id: 'e8be501afc7e384d7f37b4dbf6e5f957') in 0.073874 seconds 
========================================================================
Received Prepare
Registering precompiled user dll's ...
Registered in 0.006436 seconds.
Begin MonoManager ReloadAssembly
Native extension for WindowsStandalone target not found
Refreshing native plugins compatible for Editor in 0.60 ms, found 2 plugins.
Preloading 0 native plugins for Editor in 0.00 ms.
Mono: successfully reloaded assembly
- Completed reload, in  1.728 seconds
Domain Reload Profiling:
	ReloadAssembly (1729ms)
		BeginReloadAssembly (191ms)
			ExecutionOrderSort (0ms)
			DisableScriptedObjects (10ms)
			BackupInstance (0ms)
			ReleaseScriptingObjects (0ms)
			CreateAndSetChildDomain (54ms)
		EndReloadAssembly (1412ms)
			LoadAssemblies (164ms)
			RebuildTransferFunctionScriptingTraits (0ms)
			SetupTypeCache (499ms)
			ReleaseScriptCaches (2ms)
			RebuildScriptCaches (84ms)
			SetupLoadedEditorAssemblies (503ms)
				LogAssemblyErrors (0ms)
				InitializePlatformSupportModulesInManaged (8ms)
				SetLoadedEditorAssemblies (1ms)
				RefreshPlugins (1ms)
				BeforeProcessingInitializeOnLoad (105ms)
				ProcessInitializeOnLoadAttributes (341ms)
				ProcessInitializeOnLoadMethodAttributes (32ms)
				AfterProcessingInitializeOnLoad (15ms)
				EditorAssembliesLoaded (0ms)
			ExecutionOrderSort2 (0ms)
			AwakeInstancesAfterBackupRestoration (4ms)
Platform modules already initialized, skipping
Refreshing native plugins compatible for Editor in 0.59 ms, found 2 plugins.
Preloading 0 native plugins for Editor in 0.00 ms.
Unloading 1606 Unused Serialized files (Serialized files now loaded: 0)
System memory in use before: 76.9 MB.
System memory in use after: 77.0 MB.

Unloading 13 unused Assets to reduce memory usage. Loaded Objects now: 2130.
Total: 5.226100 ms (FindLiveObjects: 0.227200 ms CreateObjectMapping: 0.085200 ms MarkObjects: 4.870900 ms  DeleteObjects: 0.040700 ms)

AssetImportParameters requested are different than current active one (requested -> active):
  custom:framework-win-MediaFoundation: 216162199b28c13a410421893ffa2e32 -> 
  custom:video-decoder-ogg-theora: a1e56fd34408186e4bbccfd4996cb3dc -> 
  custom:container-muxer-webm: aa71ff27fc2769a1b78a27578f13a17b -> 
  custom:container-demuxer-webm: 4f35f7cbe854078d1ac9338744f61a02 -> 
  custom:container-demuxer-ogg: 62fdf1f143b41e24485cea50d1cbac27 -> 
  custom:video-encoder-webm-vp8: eb34c28f22e8b96e1ab97ce403110664 -> 
  custom:video-codec-MediaFoundation-h265: 746d11721c4dcdbdad8f713fa42b33f4 -> 
  custom:video-decoder-webm-vp8: 9c59270c3fd7afecdb556c50c9e8de78 -> 
  custom:audio-decoder-ogg-vorbis: bf7c407c2cedff20999df2af8eb42d56 -> 
  custom:audio-encoder-webm-vorbis: bf7c407c2cedff20999df2af8eb42d56 -> 
AssetImportWorkerClient::OnTransportError - code=2 error=End of file
